[ 24/05/22 22:04:54.837 parse_config_libconfig WARN ] The refresh-rate option has been deprecated. Please remove it from your configuration file. If you encounter any problems without this feature, please feel free to open a bug report
Gtk-Message: 22:04:55.057: Failed to load module "appmenu-gtk-module"
Gtk-Message: 22:04:55.141: Failed to load module "appmenu-gtk-module"

(nm-applet:54301): nm-CRITICAL **: 22:04:55.402: ((src/libnm-core-impl/nm-setting-connection.c:217)): assertion '<dropped>' failed

(nm-applet:54301): nm-CRITICAL **: 22:05:09.690: ((src/libnm-core-impl/nm-setting-connection.c:217)): assertion '<dropped>' failed

(nm-applet:54301): nm-CRITICAL **: 22:05:15.689: ((src/libnm-core-impl/nm-setting-connection.c:217)): assertion '<dropped>' failed

(nm-applet:54301): nm-CRITICAL **: 22:05:21.690: ((src/libnm-core-impl/nm-setting-connection.c:217)): assertion '<dropped>' failed

(nm-applet:54301): nm-CRITICAL **: 22:05:27.687: ((src/libnm-core-impl/nm-setting-connection.c:217)): assertion '<dropped>' failed

(nm-applet:54301): nm-CRITICAL **: 22:05:39.689: ((src/libnm-core-impl/nm-setting-connection.c:217)): assertion '<dropped>' failed

(nm-applet:54301): nm-CRITICAL **: 22:05:45.688: ((src/libnm-core-impl/nm-setting-connection.c:217)): assertion '<dropped>' failed

(nm-applet:54301): nm-CRITICAL **: 22:05:51.688: ((src/libnm-core-impl/nm-setting-connection.c:217)): assertion '<dropped>' failed

(nm-applet:54301): nm-CRITICAL **: 22:05:57.689: ((src/libnm-core-impl/nm-setting-connection.c:217)): assertion '<dropped>' failed

(nm-applet:54301): nm-CRITICAL **: 22:06:09.688: ((src/libnm-core-impl/nm-setting-connection.c:217)): assertion '<dropped>' failed

(nm-applet:54301): nm-CRITICAL **: 22:06:15.687: ((src/libnm-core-impl/nm-setting-connection.c:217)): assertion '<dropped>' failed

(nm-applet:54301): nm-CRITICAL **: 22:06:21.687: ((src/libnm-core-impl/nm-setting-connection.c:217)): assertion '<dropped>' failed

(nm-applet:54301): nm-CRITICAL **: 22:06:33.689: ((src/libnm-core-impl/nm-setting-connection.c:217)): assertion '<dropped>' failed

(nm-applet:54301): nm-CRITICAL **: 22:06:39.689: ((src/libnm-core-impl/nm-setting-connection.c:217)): assertion '<dropped>' failed

(nm-applet:54301): nm-CRITICAL **: 22:06:47.433: ((src/libnm-core-impl/nm-setting-connection.c:217)): assertion '<dropped>' failed

(nm-applet:54301): nm-CRITICAL **: 22:06:50.931: ((src/libnm-core-impl/nm-setting-connection.c:217)): assertion '<dropped>' failed

(nm-applet:54301): nm-CRITICAL **: 22:06:51.062: ((src/libnm-core-impl/nm-setting-connection.c:217)): assertion '<dropped>' failed

(nm-applet:54301): nm-CRITICAL **: 22:06:51.068: ((src/libnm-core-impl/nm-setting-connection.c:217)): assertion '<dropped>' failed

(nm-applet:54301): nm-CRITICAL **: 22:06:51.685: ((src/libnm-core-impl/nm-setting-connection.c:217)): assertion '<dropped>' failed

(nm-applet:54301): nm-CRITICAL **: 22:06:58.392: ((src/libnm-core-impl/nm-setting-connection.c:217)): assertion '<dropped>' failed

(nm-applet:54301): nm-CRITICAL **: 22:06:58.536: ((src/libnm-core-impl/nm-setting-connection.c:217)): assertion '<dropped>' failed

(nm-applet:54301): nm-CRITICAL **: 22:06:58.539: ((src/libnm-core-impl/nm-setting-connection.c:217)): assertion '<dropped>' failed

(nm-applet:54301): nm-CRITICAL **: 22:07:07.097: ((src/libnm-core-impl/nm-setting-connection.c:217)): assertion '<dropped>' failed

(nm-applet:54301): nm-CRITICAL **: 22:07:07.210: ((src/libnm-core-impl/nm-setting-connection.c:217)): assertion '<dropped>' failed

(nm-applet:54301): nm-CRITICAL **: 22:07:07.213: ((src/libnm-core-impl/nm-setting-connection.c:217)): assertion '<dropped>' failed

(nm-applet:54301): nm-CRITICAL **: 22:07:11.171: ((src/libnm-core-impl/nm-setting-connection.c:217)): assertion '<dropped>' failed

(nm-applet:54301): nm-CRITICAL **: 22:07:11.284: ((src/libnm-core-impl/nm-setting-connection.c:217)): assertion '<dropped>' failed

(nm-applet:54301): nm-CRITICAL **: 22:07:11.291: ((src/libnm-core-impl/nm-setting-connection.c:217)): assertion '<dropped>' failed

(nm-applet:54301): nm-CRITICAL **: 22:07:18.148: ((src/libnm-core-impl/nm-setting-connection.c:217)): assertion '<dropped>' failed

(nm-applet:54301): nm-CRITICAL **: 22:07:18.249: ((src/libnm-core-impl/nm-setting-connection.c:217)): assertion '<dropped>' failed

(nm-applet:54301): nm-CRITICAL **: 22:07:18.258: ((src/libnm-core-impl/nm-setting-connection.c:217)): assertion '<dropped>' failed

(nm-applet:54301): nm-CRITICAL **: 22:07:22.120: ((src/libnm-core-impl/nm-setting-connection.c:217)): assertion '<dropped>' failed

(nm-applet:54301): nm-CRITICAL **: 22:07:25.644: ((src/libnm-core-impl/nm-setting-connection.c:217)): assertion '<dropped>' failed

(nm-applet:54301): nm-CRITICAL **: 22:07:25.767: ((src/libnm-core-impl/nm-setting-connection.c:217)): assertion '<dropped>' failed

(nm-applet:54301): nm-CRITICAL **: 22:07:30.976: ((src/libnm-core-impl/nm-setting-connection.c:217)): assertion '<dropped>' failed

(nm-applet:54301): nm-CRITICAL **: 22:07:31.086: ((src/libnm-core-impl/nm-setting-connection.c:217)): assertion '<dropped>' failed

(nm-applet:54301): nm-CRITICAL **: 22:07:31.089: ((src/libnm-core-impl/nm-setting-connection.c:217)): assertion '<dropped>' failed

(nm-applet:54301): nm-CRITICAL **: 22:07:35.049: ((src/libnm-core-impl/nm-setting-connection.c:217)): assertion '<dropped>' failed

(nm-applet:54301): nm-CRITICAL **: 22:07:35.155: ((src/libnm-core-impl/nm-setting-connection.c:217)): assertion '<dropped>' failed

(nm-applet:54301): nm-CRITICAL **: 22:07:35.158: ((src/libnm-core-impl/nm-setting-connection.c:217)): assertion '<dropped>' failed

(nm-applet:54301): nm-CRITICAL **: 22:07:39.688: ((src/libnm-core-impl/nm-setting-connection.c:217)): assertion '<dropped>' failed

(nm-applet:54301): nm-CRITICAL **: 22:07:46.510: ((src/libnm-core-impl/nm-setting-connection.c:217)): assertion '<dropped>' failed

(nm-applet:54301): nm-CRITICAL **: 22:07:46.623: ((src/libnm-core-impl/nm-setting-connection.c:217)): assertion '<dropped>' failed

(nm-applet:54301): nm-CRITICAL **: 22:07:46.628: ((src/libnm-core-impl/nm-setting-connection.c:217)): assertion '<dropped>' failed

(nm-applet:54301): nm-CRITICAL **: 22:07:51.689: ((src/libnm-core-impl/nm-setting-connection.c:217)): assertion '<dropped>' failed

(nm-applet:54301): nm-CRITICAL **: 22:07:57.688: ((src/libnm-core-impl/nm-setting-connection.c:217)): assertion '<dropped>' failed

(nm-applet:54301): nm-CRITICAL **: 22:08:03.689: ((src/libnm-core-impl/nm-setting-connection.c:217)): assertion '<dropped>' failed

(nm-applet:54301): nm-CRITICAL **: 22:08:09.689: ((src/libnm-core-impl/nm-setting-connection.c:217)): assertion '<dropped>' failed

(nm-applet:54301): nm-CRITICAL **: 22:08:21.688: ((src/libnm-core-impl/nm-setting-connection.c:217)): assertion '<dropped>' failed

(nm-applet:54301): nm-CRITICAL **: 22:08:27.689: ((src/libnm-core-impl/nm-setting-connection.c:217)): assertion '<dropped>' failed

(nm-applet:54301): nm-CRITICAL **: 22:08:33.691: ((src/libnm-core-impl/nm-setting-connection.c:217)): assertion '<dropped>' failed

(nm-applet:54301): nm-CRITICAL **: 22:08:45.689: ((src/libnm-core-impl/nm-setting-connection.c:217)): assertion '<dropped>' failed

(nm-applet:54301): nm-CRITICAL **: 22:08:51.688: ((src/libnm-core-impl/nm-setting-connection.c:217)): assertion '<dropped>' failed

(nm-applet:54301): nm-CRITICAL **: 22:08:57.687: ((src/libnm-core-impl/nm-setting-connection.c:217)): assertion '<dropped>' failed

(nm-applet:54301): nm-CRITICAL **: 22:09:03.689: ((src/libnm-core-impl/nm-setting-connection.c:217)): assertion '<dropped>' failed

(nm-applet:54301): nm-CRITICAL **: 22:09:09.688: ((src/libnm-core-impl/nm-setting-connection.c:217)): assertion '<dropped>' failed

(nm-applet:54301): nm-CRITICAL **: 22:09:15.689: ((src/libnm-core-impl/nm-setting-connection.c:217)): assertion '<dropped>' failed

(nm-applet:54301): nm-CRITICAL **: 22:09:21.688: ((src/libnm-core-impl/nm-setting-connection.c:217)): assertion '<dropped>' failed

(nm-applet:54301): nm-CRITICAL **: 22:09:27.688: ((src/libnm-core-impl/nm-setting-connection.c:217)): assertion '<dropped>' failed

(nm-applet:54301): nm-CRITICAL **: 22:09:33.691: ((src/libnm-core-impl/nm-setting-connection.c:217)): assertion '<dropped>' failed

(nm-applet:54301): nm-CRITICAL **: 22:09:39.688: ((src/libnm-core-impl/nm-setting-connection.c:217)): assertion '<dropped>' failed

(nm-applet:54301): nm-CRITICAL **: 22:09:45.687: ((src/libnm-core-impl/nm-setting-connection.c:217)): assertion '<dropped>' failed

(nm-applet:54301): nm-CRITICAL **: 22:09:51.690: ((src/libnm-core-impl/nm-setting-connection.c:217)): assertion '<dropped>' failed

(nm-applet:54301): nm-CRITICAL **: 22:09:57.689: ((src/libnm-core-impl/nm-setting-connection.c:217)): assertion '<dropped>' failed

(nm-applet:54301): nm-CRITICAL **: 22:10:03.687: ((src/libnm-core-impl/nm-setting-connection.c:217)): assertion '<dropped>' failed

(nm-applet:54301): nm-CRITICAL **: 22:10:09.689: ((src/libnm-core-impl/nm-setting-connection.c:217)): assertion '<dropped>' failed

(nm-applet:54301): nm-CRITICAL **: 22:10:15.687: ((src/libnm-core-impl/nm-setting-connection.c:217)): assertion '<dropped>' failed

(nm-applet:54301): nm-CRITICAL **: 22:10:21.687: ((src/libnm-core-impl/nm-setting-connection.c:217)): assertion '<dropped>' failed

(nm-applet:54301): nm-CRITICAL **: 22:10:27.689: ((src/libnm-core-impl/nm-setting-connection.c:217)): assertion '<dropped>' failed

(nm-applet:54301): nm-CRITICAL **: 22:10:33.686: ((src/libnm-core-impl/nm-setting-connection.c:217)): assertion '<dropped>' failed

(nm-applet:54301): nm-CRITICAL **: 22:10:39.687: ((src/libnm-core-impl/nm-setting-connection.c:217)): assertion '<dropped>' failed

(nm-applet:54301): nm-CRITICAL **: 22:10:45.688: ((src/libnm-core-impl/nm-setting-connection.c:217)): assertion '<dropped>' failed

(nm-applet:54301): nm-CRITICAL **: 22:10:51.689: ((src/libnm-core-impl/nm-setting-connection.c:217)): assertion '<dropped>' failed

(nm-applet:54301): nm-CRITICAL **: 22:10:57.689: ((src/libnm-core-impl/nm-setting-connection.c:217)): assertion '<dropped>' failed

(nm-applet:54301): nm-CRITICAL **: 22:11:03.689: ((src/libnm-core-impl/nm-setting-connection.c:217)): assertion '<dropped>' failed

(nm-applet:54301): nm-CRITICAL **: 22:11:09.689: ((src/libnm-core-impl/nm-setting-connection.c:217)): assertion '<dropped>' failed

(nm-applet:54301): nm-CRITICAL **: 22:11:15.689: ((src/libnm-core-impl/nm-setting-connection.c:217)): assertion '<dropped>' failed

(nm-applet:54301): nm-CRITICAL **: 22:11:21.691: ((src/libnm-core-impl/nm-setting-connection.c:217)): assertion '<dropped>' failed

(nm-applet:54301): nm-CRITICAL **: 22:11:27.687: ((src/libnm-core-impl/nm-setting-connection.c:217)): assertion '<dropped>' failed

(nm-applet:54301): nm-CRITICAL **: 22:11:33.688: ((src/libnm-core-impl/nm-setting-connection.c:217)): assertion '<dropped>' failed
X connection to :0 broken (explicit kill or server shutdown).
[ 25/05/22 07:13:57.207 parse_config_libconfig WARN ] The refresh-rate option has been deprecated. Please remove it from your configuration file. If you encounter any problems without this feature, please feel free to open a bug report
[ 25/05/22 07:13:57.260 session_init FATAL ERROR ] Another composite manager is already running
[ 25/05/22 07:14:21.116 parse_config_libconfig WARN ] The refresh-rate option has been deprecated. Please remove it from your configuration file. If you encounter any problems without this feature, please feel free to open a bug report
[ 25/05/22 07:14:21.139 session_init FATAL ERROR ] Another composite manager is already running
[ 25/05/22 07:15:59.154 parse_config_libconfig WARN ] The refresh-rate option has been deprecated. Please remove it from your configuration file. If you encounter any problems without this feature, please feel free to open a bug report
[ 25/05/22 07:15:59.177 session_init FATAL ERROR ] Another composite manager is already running
[ 25/05/22 10:11:46.941 parse_config_libconfig WARN ] The refresh-rate option has been deprecated. Please remove it from your configuration file. If you encounter any problems without this feature, please feel free to open a bug report
[ 25/05/22 10:17:02.872 x_fetch_region ERROR ] Failed to fetch rectangles (No error)
XIO:  fatal IO error 11 (Recurso no disponible temporalmente) on X server ":0"
      after 32854 requests (107 known processed) with 0 events remaining.
[ 25/05/22 16:11:49.134 parse_config_libconfig WARN ] The refresh-rate option has been deprecated. Please remove it from your configuration file. If you encounter any problems without this feature, please feel free to open a bug report
[ 25/05/22 16:11:49.254 session_init FATAL ERROR ] Another composite manager is already running
